This is XeTeX, Version 3.14159265-2.6-0.99992 (MiKTeX 2.9) (preloaded format=xelatex 2016.2.28)  9 MAY 2017 19:58
entering extended mode
**./ProjectSpring2017.tex
(ProjectSpring2017.tex
LaTeX2e <2015/10/01> patch level 2
Babel <3.9n> and hyphenation patterns for 69 languages loaded.
("C:\Program Files (x86)\MiKTeX 2.9\tex\latex\base\article.cls"
Document Class: article 2014/09/29 v1.4h Standard LaTeX document class
("C:\Program Files (x86)\MiKTeX 2.9\tex\latex\base\size12.clo"
File: size12.clo 2014/09/29 v1.4h Standard LaTeX file (size option)
Requested font "cmr12" at 12.0pt
)
\c@part=\count79
\c@section=\count80
\c@subsection=\count81
\c@subsubsection=\count82
\c@paragraph=\count83
\c@subparagraph=\count84
\c@figure=\count85
\c@table=\count86
\abovecaptionskip=\skip41
\belowcaptionskip=\skip42
\bibindent=\dimen102
)
("C:\Program Files (x86)\MiKTeX 2.9\tex\latex\amsmath\amsmath.sty"
Package: amsmath 2013/01/14 v2.14 AMS math features
\@mathmargin=\skip43

For additional information on amsmath, use the `?' option.
("C:\Program Files (x86)\MiKTeX 2.9\tex\latex\amsmath\amstext.sty"
Package: amstext 2000/06/29 v2.01

("C:\Program Files (x86)\MiKTeX 2.9\tex\latex\amsmath\amsgen.sty"
File: amsgen.sty 1999/11/30 v2.0
\@emptytoks=\toks14
\ex@=\dimen103
))
("C:\Program Files (x86)\MiKTeX 2.9\tex\latex\amsmath\amsbsy.sty"
Package: amsbsy 1999/11/29 v1.2d
\pmbraise@=\dimen104
)
("C:\Program Files (x86)\MiKTeX 2.9\tex\latex\amsmath\amsopn.sty"
Package: amsopn 1999/12/14 v2.01 operator names
)
\inf@bad=\count87
LaTeX Info: Redefining \frac on input line 210.
\uproot@=\count88
\leftroot@=\count89
LaTeX Info: Redefining \overline on input line 306.
\classnum@=\count90
\DOTSCASE@=\count91
LaTeX Info: Redefining \ldots on input line 378.
LaTeX Info: Redefining \dots on input line 381.
LaTeX Info: Redefining \cdots on input line 466.
\Mathstrutbox@=\box26
\strutbox@=\box27
\big@size=\dimen105
LaTeX Font Info:    Redeclaring font encoding OML on input line 566.
LaTeX Font Info:    Redeclaring font encoding OMS on input line 567.
\macc@depth=\count92
\c@MaxMatrixCols=\count93
\dotsspace@=\muskip10
\c@parentequation=\count94
\dspbrk@lvl=\count95
\tag@help=\toks15
\row@=\count96
\column@=\count97
\maxfields@=\count98
\andhelp@=\toks16
\eqnshift@=\dimen106
\alignsep@=\dimen107
\tagshift@=\dimen108
\tagwidth@=\dimen109
\totwidth@=\dimen110
\lineht@=\dimen111
\@envbody=\toks17
\multlinegap=\skip44
\multlinetaggap=\skip45
\mathdisplay@stack=\toks18
LaTeX Info: Redefining \[ on input line 2665.
LaTeX Info: Redefining \] on input line 2666.
)
("C:\Program Files (x86)\MiKTeX 2.9\tex\latex\graphics\graphicx.sty"
Package: graphicx 2014/10/28 v1.0g Enhanced LaTeX Graphics (DPC,SPQR)

("C:\Program Files (x86)\MiKTeX 2.9\tex\latex\graphics\keyval.sty"
Package: keyval 2014/10/28 v1.15 key=value parser (DPC)
\KV@toks@=\toks19
)
("C:\Program Files (x86)\MiKTeX 2.9\tex\latex\graphics\graphics.sty"
Package: graphics 2014/10/28 v1.0p Standard LaTeX Graphics (DPC,SPQR)

("C:\Program Files (x86)\MiKTeX 2.9\tex\latex\graphics\trig.sty"
Package: trig 1999/03/16 v1.09 sin cos tan (DPC)
)
("C:\Program Files (x86)\MiKTeX 2.9\tex\latex\00miktex\graphics.cfg"
File: graphics.cfg 2007/01/18 v1.5 graphics configuration of teTeX/TeXLive
)
Package graphics Info: Driver file: xetex.def on input line 94.

("C:\Program Files (x86)\MiKTeX 2.9\tex\xelatex\xetex-def\xetex.def"
File: xetex.def 2015/09/11 v4.06 LaTeX color/graphics driver for XeTeX (TeX Liv
e/RRM/JK)

("C:\Program Files (x86)\MiKTeX 2.9\tex\generic\oberdiek\infwarerr.sty"
Package: infwarerr 2010/04/08 v1.3 Providing info/warning/error messages (HO)
)
("C:\Program Files (x86)\MiKTeX 2.9\tex\generic\oberdiek\ltxcmds.sty"
Package: ltxcmds 2011/11/09 v1.22 LaTeX kernel commands for general use (HO)
)))
\Gin@req@height=\dimen112
\Gin@req@width=\dimen113
)
("C:\Program Files (x86)\MiKTeX 2.9\tex\latex\float\float.sty"
Package: float 2001/11/08 v1.3d Float enhancements (AL)
\c@float@type=\count99
\float@exts=\toks20
\float@box=\box28
\@float@everytoks=\toks21
\@floatcapt=\box29
)
("C:\Program Files (x86)\MiKTeX 2.9\tex\latex\ulem\ulem.sty"
\UL@box=\box30
\UL@hyphenbox=\box31
\UL@skip=\skip46
\UL@hook=\toks22
\UL@height=\dimen114
\UL@pe=\count100
\UL@pixel=\dimen115
\ULC@box=\box32
Requested font "lasy6" scaled 1000
Package: ulem 2012/05/18
\ULdepth=\dimen116
)
("C:\Program Files (x86)\MiKTeX 2.9\tex\latex\listings\listings.sty"
\lst@mode=\count101
\lst@gtempboxa=\box33
\lst@token=\toks23
\lst@length=\count102
\lst@currlwidth=\dimen117
\lst@column=\count103
\lst@pos=\count104
\lst@lostspace=\dimen118
\lst@width=\dimen119
\lst@newlines=\count105
\lst@lineno=\count106
\lst@maxwidth=\dimen120

("C:\Program Files (x86)\MiKTeX 2.9\tex\latex\listings\lstmisc.sty"
File: lstmisc.sty 2015/06/04 1.6 (Carsten Heinz)
\c@lstnumber=\count107
\lst@skipnumbers=\count108
\lst@framebox=\box34
)
("C:\Program Files (x86)\MiKTeX 2.9\tex\latex\listings\listings.cfg"
File: listings.cfg 2015/06/04 1.6 listings configuration
))
Package: listings 2015/06/04 1.6 (Carsten Heinz)

(ProjectSpring2017.aux)
\openout1 = `ProjectSpring2017.aux'.

LaTeX Font Info:    Checking defaults for OML/cmm/m/it on input line 13.
LaTeX Font Info:    ... okay on input line 13.
LaTeX Font Info:    Checking defaults for T1/cmr/m/n on input line 13.
LaTeX Font Info:    ... okay on input line 13.
LaTeX Font Info:    Checking defaults for OT1/cmr/m/n on input line 13.
LaTeX Font Info:    ... okay on input line 13.
LaTeX Font Info:    Checking defaults for OMS/cmsy/m/n on input line 13.
LaTeX Font Info:    ... okay on input line 13.
LaTeX Font Info:    Checking defaults for OMX/cmex/m/n on input line 13.
LaTeX Font Info:    ... okay on input line 13.
LaTeX Font Info:    Checking defaults for U/cmr/m/n on input line 13.
LaTeX Font Info:    ... okay on input line 13.
\c@lstlisting=\count109
Requested font "cmr17" at 20.74pt
Requested font "cmr12" at 14.4pt
Requested font "cmmi12" at 14.4pt
Requested font "cmsy10" at 14.4pt
Requested font "cmex10" at 14.4pt
Requested font "cmex7" at 7.0pt
File: UiOLogo.png Graphic file (type QTm)
 <use  "UiOLogo.png" > [1

]
Requested font "cmr17" at 17.28pt
Requested font "cmbx12" at 17.28pt
Requested font "cmti12" at 12.0pt
File: DiscreteString.png Graphic file (type QTm)
 <use  "DiscreteString.png" >
Overfull \hbox (22.2972pt too wide) in paragraph at lines 24--29
[][] 
 []

Requested font "cmr8" at 8.0pt
Requested font "cmr6" at 6.0pt
Requested font "cmmi12" at 12.0pt
Requested font "cmmi8" at 8.0pt
Requested font "cmmi6" at 6.0pt
Requested font "cmsy10" at 12.0pt
Requested font "cmsy8" at 8.0pt
Requested font "cmsy6" at 6.0pt
Requested font "cmex10" at 12.0pt
Requested font "cmex8" at 8.0pt
Requested font "cmex7" at 6.0pt
[2]
Requested font "cmex7" at 5.0pt
 [3] [4] [5] [6]
File: state_timestep_0.png Graphic file (type QTm)
 <use  "state_timestep_0.png" >
File: state_timestep_30.png Graphic file (type QTm)

<use  "state_timestep_30.png" > [7]
Overfull \vbox (92.56332pt too high) has occurred while \output is active []


[8]
File: y99_OverTime.png Graphic file (type QTm)
 <use  "y99_OverTime.png" >
File: fft_y99_OverTime.png Graphic file (type QTm)
 <use  "fft_y99_OverTime.png" > [9] [10] [11]
File: SystemEnergy.png Graphic file (type QTm)

<use  "SystemEnergy.png" > [12]
File: TriangleWave_t0.png Graphic file (type QTm)
 <use  "TriangleWave_t0.png" > [13]
File: TriangleWave_t50.png Graphic file (type QTm)

<use  "TriangleWave_t50.png" > [14]
File: TriangleWave_velocityRight.png Graphic file (type QTm)
 <use  "TriangleWave_velocityRight.png" >
[15] [16] [17] [18]
Requested font "cmbx12" at 14.4pt
 (opg_4.py
Overfull \hbox (32.99927pt too wide) in paragraph at lines 1--2
[][][][][][][][][][][][][][][][][][][][][] 
 []

LaTeX Font Info:    Try loading font information for OMS+cmr on input line 10.
("C:\Program Files (x86)\MiKTeX 2.9\tex\latex\base\omscmr.fd"
File: omscmr.fd 2014/09/29 v2.5h Standard LaTeX font definitions
)
LaTeX Font Info:    Font shape `OMS/cmr/m/n' in size <12> not available
(Font)              Font shape `OMS/cmsy/m/n' tried instead on input line 10.

Overfull \hbox (392.54865pt too wide) in paragraph at lines 10--11
[][][][][][][][][][][][][][][][][][][][][][][][][][][][][][][][][][][][][][][][
][][][][][] 
 []


Overfull \hbox (32.99927pt too wide) in paragraph at lines 16--17
[][][][][][][][][][][][][][][][][][][][][][][][][][][][][][][] 
 []


Overfull \hbox (300.8988pt too wide) in paragraph at lines 17--18
[][][][][][][][][][][][][][][][][][][][][][][][][][][][][][][][][][][][][][][][
][][][][][] 
 []


Overfull \hbox (124.64911pt too wide) in paragraph at lines 18--19
[][][][][][][][][][][][][][][][][][][][][][][][][][][][][][][][][][][] 
 []


Overfull \hbox (216.29895pt too wide) in paragraph at lines 24--25
[][][][][][][][][][][][][][][][][][][][][][][][][][][][][][][][][][][][][][][][
][][][][][][][][][][] 
 []


Overfull \hbox (265.64886pt too wide) in paragraph at lines 25--26
[][][][][][][][][][][][][][][][][][][][][][][][][][][][][][][][][][][][][][][][
][][][][][][][][] 
 []


Overfull \hbox (484.19849pt too wide) in paragraph at lines 27--29
[][][][][][][][][][][][][][][][][][][][][][][][][][][][][][][][][][][][][][][][
][][][][][][][][][][][][][][][][][][][][][][][][][][][][][][][][][][][][][][][]
[][][][][][][][] 
 []

[19]
Overfull \hbox (251.54889pt too wide) in paragraph at lines 46--47
[][][][][][][][][][][][][][][][][][][][][][][][][][][][][][][] 
 []

) [20] (opg_5.py
Overfull \hbox (329.09875pt too wide) in paragraph at lines 1--3
[][][][][][][][][][][][][][][][][][][][][][][][][][][][][][][][][][][][][][][] 

 []


Overfull \hbox (392.54865pt too wide) in paragraph at lines 10--11
[][][][][][][][][][][][][][][][][][][][][][][][][][][][][][][][][][][][][][][][
][][][][][] 
 []


Overfull \hbox (32.99927pt too wide) in paragraph at lines 16--17
[][][][][][][][][][][][][][][][][][][][][][][][][][][][][][][] 
 []


Overfull \hbox (300.8988pt too wide) in paragraph at lines 17--18
[][][][][][][][][][][][][][][][][][][][][][][][][][][][][][][][][][][][][][][][
][][][][][] 
 []


Overfull \hbox (124.64911pt too wide) in paragraph at lines 18--19
[][][][][][][][][][][][][][][][][][][][][][][][][][][][][][][][][][][] 
 []


Overfull \hbox (216.29895pt too wide) in paragraph at lines 24--25
[][][][][][][][][][][][][][][][][][][][][][][][][][][][][][][][][][][][][][][][
][][][][][][][][][][] 
 []


Overfull \hbox (265.64886pt too wide) in paragraph at lines 25--26
[][][][][][][][][][][][][][][][][][][][][][][][][][][][][][][][][][][][][][][][
][][][][][][][][] 
 []


Overfull \hbox (484.19849pt too wide) in paragraph at lines 27--29
[][][][][][][][][][][][][][][][][][][][][][][][][][][][][][][][][][][][][][][][
][][][][][][][][][][][][][][][][][][][][][][][][][][][][][][][][][][][][][][][]
[][][][][][][][] 
 []


Overfull \hbox (152.84906pt too wide) in paragraph at lines 30--31
[][][][][][][][][][][][][][][][][][][][][][][][][][][][][][] 
 []


Overfull \hbox (138.74908pt too wide) in paragraph at lines 37--38
[][][][][][][][][][][][][][][][][][][][][][][][][][][][][][][][][][] 
 []

[21]
Overfull \hbox (152.84906pt too wide) in paragraph at lines 38--40
[][][][][][][][][][][][][][][][][][][][][][][][][][][][][][][][] 
 []


Overfull \hbox (4.79932pt too wide) in paragraph at lines 44--45
[][][][][][][][][][][][][][][][][][][] 
 []

LaTeX Font Info:    Try loading font information for OML+cmr on input line 48.
("C:\Program Files (x86)\MiKTeX 2.9\tex\latex\base\omlcmr.fd"
File: omlcmr.fd 2014/09/29 v2.5h Standard LaTeX font definitions
)
LaTeX Font Info:    Font shape `OML/cmr/m/n' in size <12> not available
(Font)              Font shape `OML/cmm/m/it' tried instead on input line 48.

Overfull \hbox (455.99854pt too wide) in paragraph at lines 61--62
[][][][][][][][][][][][][][][][][][][][][][][][][][][][][][][][][][][][][][][][
][][][][][][][][][][][][][][][][][] 
 []


Overfull \hbox (40.04926pt too wide) in paragraph at lines 63--64
[][][][][][][][][][][][][][][][][][][][][][][][][][][][][][]
 []


Overfull \hbox (251.54889pt too wide) in paragraph at lines 70--71
[][][][][][][][][][][][][][][][][][][][][][][][][][][][][][][] 
 []


Overfull \hbox (399.59863pt too wide) in paragraph at lines 72--73
[][][][][][][][][][][][][][][][][][][][][][][][][][][][][][][][][][][][][][][][
][][][][][][][][][] 
 []


Overfull \hbox (237.44891pt too wide) in paragraph at lines 74--75
[][][][][][][][][][][][][][][][][][][][][][][][][][][][][][][][][][][][][] 
 []

[22]
Overfull \hbox (117.59912pt too wide) in paragraph at lines 79--80
[][][][][][][][][][][][][][][][][][][][][][][][][] 
 []

) [23] (opg_6.py
Overfull \hbox (124.64911pt too wide) in paragraph at lines 1--3
[][][][][][][][][][][][][][][][][][][][][][][][][] 
 []


Overfull \hbox (32.99927pt too wide) in paragraph at lines 13--14
[][][][][][][][][][][][][][][][][][][][][][][][][][][][][][][] 
 []


Overfull \hbox (392.54865pt too wide) in paragraph at lines 14--15
[][][][][][][][][][][][][][][][][][][][][][][][][][][][][][][][][][][][][][][][
][][][][][] 
 []


Overfull \hbox (300.8988pt too wide) in paragraph at lines 16--17
[][][][][][][][][][][][][][][][][][][][][][][][][][][][][][][][][][][][][][][][
][][][][][] 
 []


Overfull \hbox (124.64911pt too wide) in paragraph at lines 17--18
[][][][][][][][][][][][][][][][][][][][][][][][][][][][][][][][][][][] 
 []


Overfull \hbox (216.29895pt too wide) in paragraph at lines 24--25
[][][][][][][][][][][][][][][][][][][][][][][][][][][][][][][][][][][][][][][][
][][][][][][][][][][] 
 []


Overfull \hbox (265.64886pt too wide) in paragraph at lines 25--26
[][][][][][][][][][][][][][][][][][][][][][][][][][][][][][][][][][][][][][][][
][][][][][][][][] 
 []


Overfull \hbox (484.19849pt too wide) in paragraph at lines 27--29
[][][][][][][][][][][][][][][][][][][][][][][][][][][][][][][][][][][][][][][][
][][][][][][][][][][][][][][][][][][][][][][][][][][][][][][][][][][][][][][][]
[][][][][][][][] 
 []

[24]
Overfull \hbox (4.79932pt too wide) in paragraph at lines 45--46
[][][][][][][][][][][][][][][][][][][][][][][][][][][][][][][][] 
 []


Overfull \hbox (96.44916pt too wide) in paragraph at lines 47--48
[][][][][][][][][][][][][][][][][][][][][][][][][][][][][][][][][][][][][][][][
][][][][] 
 []


Overfull \hbox (96.44916pt too wide) in paragraph at lines 50--51
[][][][][][][][][][][][][][][][][][][][][][][][][][][][][][][][][][][][][][][][
][][][][] 
 []


Overfull \hbox (25.94928pt too wide) in paragraph at lines 58--59
[][][][][][][][][][][][][][][][][][][][][][][][][][][][][][][][][][][][][][] 
 []


Overfull \hbox (117.59912pt too wide) in paragraph at lines 60--61
[][][][][][][][][][][][][][][][][][][][][][][][][][][][][][][][][][][][][][][][
][][][][][] 
 []


Overfull \hbox (117.59912pt too wide) in paragraph at lines 63--64
[][][][][][][][][][][][][][][][][][][][][][][][][][][][][][][][][][][][][][][][
][][][][][] 
 []


Overfull \hbox (399.59863pt too wide) in paragraph at lines 67--68
[][][][][][][][][][][][][][][][][][][][][][][][][][][][][][][][][][][][][][][][
][][][][][][][][][][][][][][][] 
 []


Overfull \hbox (307.94879pt too wide) in paragraph at lines 69--70
[][][][][][][][][][][][][][][][][][][][][][][][][][][][][][][][][][][][][][][] 

 []

[25]
Overfull \hbox (18.89929pt too wide) in paragraph at lines 83--84
[][][][][][][][][][][][][][][][][][] 
 []


Overfull \hbox (54.14923pt too wide) in paragraph at lines 84--86
[][][][][][][][][][][][][][][][][][][][][][][][] 
 []

) [26] (opg_7.py
Overfull \hbox (230.39893pt too wide) in paragraph at lines 1--3
[][][][][][][][][][][][][][][][][][][][][][][][][][][][][][][][][][] 
 []


Overfull \hbox (392.54865pt too wide) in paragraph at lines 11--12
[][][][][][][][][][][][][][][][][][][][][][][][][][][][][][][][][][][][][][][][
][][][][][] 
 []


Overfull \hbox (32.99927pt too wide) in paragraph at lines 17--18
[][][][][][][][][][][][][][][][][][][][][][][][][][][][][][][] 
 []


Overfull \hbox (300.8988pt too wide) in paragraph at lines 18--19
[][][][][][][][][][][][][][][][][][][][][][][][][][][][][][][][][][][][][][][][
][][][][][] 
 []


Overfull \hbox (124.64911pt too wide) in paragraph at lines 19--21
[][][][][][][][][][][][][][][][][][][][][][][][][][][][][][][][][][][] 
 []


Overfull \hbox (230.39893pt too wide) in paragraph at lines 32--33
[][][][][][][][][][][][][][][][][][][][][][][][][][][][][][][][][][][][][][][][
][][][][][][][][][][][][][] 
 []


Overfull \hbox (286.79883pt too wide) in paragraph at lines 33--34
[][][][][][][][][][][][][][][][][][][][][][][][][][][][][][][][][][][][][][][][
][][][][][][][][][][][][][] 
 []


Overfull \hbox (385.49866pt too wide) in paragraph at lines 35--36
[][][][][][][][][][][][][][][][][][][][][][][][][][][][][][][][][][][][][][][][
][][][][][][][][][][][][][][][][][][][][][][][][][][][][][][][][][][][][][][][]
[] 
 []

[27]
Overfull \hbox (265.64886pt too wide) in paragraph at lines 71--72
[][][][][][][][][][][][][][][][][][][][][][][][][][][][][][][][][] 
 []


Overfull \hbox (392.54865pt too wide) in paragraph at lines 73--74
[][][][][][][][][][][][][][][][][][][][][][][][][][][][][][][][][][][][][][][][
][][][][][][] 
 []

)
Overfull \hbox (103.49915pt too wide) in paragraph at lines 74--256
[][][][][][][][][][][][][][][][][][][][][][][][][][] 
 []

[28] (opg_8.py
Overfull \hbox (202.19897pt too wide) in paragraph at lines 1--2
[][][][][][][][][][][][][][][][][][][][][][][][][][][][][][][][] 
 []


Overfull \hbox (181.04901pt too wide) in paragraph at lines 2--3
[][][][][][][][][][][][][][][][][][][][][][][][][][][][][][][][][][][][][][] 
 []


Overfull \hbox (392.54865pt too wide) in paragraph at lines 13--14
[][][][][][][][][][][][][][][][][][][][][][][][][][][][][][][][][][][][][][][][
][][][][][] 
 []


Overfull \hbox (32.99927pt too wide) in paragraph at lines 15--17
[][][][][][][][][][][][][][][][][][][][][][][][][][][][][][][] 
 []


Overfull \hbox (124.64911pt too wide) in paragraph at lines 21--22
[][][][][][][][][][][][][][][][][][][][][][][][][][][][][][][][][][][] 
 []


Overfull \hbox (300.8988pt too wide) in paragraph at lines 22--24
[][][][][][][][][][][][][][][][][][][][][][][][][][][][][][][][][][][][][][][][
][][][][][] 
 []

[29]
Overfull \hbox (258.59888pt too wide) in paragraph at lines 40--41
[][][][][][][][][][][][][][][][][][][][][][][][][][][][][][][][][][][][][][][][
][][][][][][][][][][][][][] 
 []


Overfull \hbox (314.99878pt too wide) in paragraph at lines 41--42
[][][][][][][][][][][][][][][][][][][][][][][][][][][][][][][][][][][][][][][][
][][][][][][][][][][][][][] 
 []


Overfull \hbox (413.69861pt too wide) in paragraph at lines 43--44
[][][][][][][][][][][][][][][][][][][][][][][][][][][][][][][][][][][][][][][][
][][][][][][][][][][][][][][][][][][][][][][][][][][][][][][][][][][][][][][][]
[] 
 []


Overfull \hbox (279.74884pt too wide) in paragraph at lines 64--65
[][][][][][][][][][][][][][][][][][][][][][][][][][][][][][][][] 
 []


Overfull \hbox (54.14923pt too wide) in paragraph at lines 71--72
[][][][][][][][][][][][][][][][][][][][][][][] 
 []

) [30] (opg_9.py
Overfull \hbox (152.84906pt too wide) in paragraph at lines 1--3
[][][][][][][][][][][][][][][][][][][][][][][][][][][] 
 []


Overfull \hbox (378.44867pt too wide) in paragraph at lines 10--11
[][][][][][][][][][][][][][][][][][][][][][][][][][][][][][][][][][][][][][][][
][][][][][][][] 
 []


Overfull \hbox (32.99927pt too wide) in paragraph at lines 19--20
[][][][][][][][][][][][][][][][][][][][][][][][][][][][][][][] 
 []


Overfull \hbox (300.8988pt too wide) in paragraph at lines 20--21
[][][][][][][][][][][][][][][][][][][][][][][][][][][][][][][][][][][][][][][][
][][][][][] 
 []


Overfull \hbox (124.64911pt too wide) in paragraph at lines 21--23
[][][][][][][][][][][][][][][][][][][][][][][][][][][][][][][][][][][] 
 []


Overfull \hbox (54.14923pt too wide) in paragraph at lines 23--24
[][][][][][][][][][][][][][][][][][][][][] 
 []

[31]
Overfull \hbox (209.24896pt too wide) in paragraph at lines 38--39
[][][][][][][][][][][][][][][][][][][][][][][][][][][][][][][][][][][][][][][][
][][][][][][][][][] 
 []


Overfull \hbox (272.69885pt too wide) in paragraph at lines 39--40
[][][][][][][][][][][][][][][][][][][][][][][][][][][][][][][][][][][][][][][][
][][][][][][][][][][] 
 []


Overfull \hbox (448.94855pt too wide) in paragraph at lines 41--43
[][][][][][][][][][][][][][][][][][][][][][][][][][][][][][][][][][][][][][][][
][][][][][][][][][][][][][][][][][][][][][][][][][][][][][][][][][][][][][][][]
[][][] 
 []


Overfull \hbox (195.14899pt too wide) in paragraph at lines 43--44
[][][][][][][][][][][][][][][][][][][][][][][][][][][][][][][][] 
 []


Overfull \hbox (533.5484pt too wide) in paragraph at lines 57--58
[][][][][][][][][][][][][][][][][][][][][][][][][][][][][][][][][][][][][][][][
][][][][][][][][][][][][] 
 []


Overfull \hbox (307.94879pt too wide) in paragraph at lines 59--60
[][][][][][][][][][][][][][][][][][][][][][][][][][][][][][][][][][][][][] 
 []

[32]
Overfull \hbox (251.54889pt too wide) in paragraph at lines 86--87
[][][][][][][][][][][][][][][][][][][][][][][][][][][][][][][] 
 []

) [33] (ProjectSpring2017.aux) ) 
Here is how much of TeX's memory you used:
 2771 strings out of 428721
 35578 string characters out of 3163014
 122586 words of memory out of 3000000
 6109 multiletter control sequences out of 15000+200000
 10306 words of font info for 38 fonts, out of 3000000 for 9000
 1096 hyphenation exceptions out of 8191
 28i,12n,32p,974b,1375s stack positions out of 5000i,500n,10000p,200000b,50000s

Output written on ProjectSpring2017.pdf (33 pages).
